<?xml version="1.0" encoding="UTF-8"?>
<!-- Generated by org.testng.reporters.JUnitReportReporter -->
<testsuite hostname="CPU106" failures="0" tests="1" name="example.NewTest" time="5.870" errors="0" timestamp="12 Jan 2021 07:28:16 GMT">
  <testcase classname="example.NewTest" name="testEasy" time="5.870"/>
</testsuite> <!-- example.NewTest -->
