<?xml version="1.0" encoding="UTF-8"?>
<!-- Generated by org.testng.reporters.JUnitReportReporter -->
<testsuite hostname="CPU106" failures="0" tests="2" name="FirstTestNGFile" time="4.669" errors="0" timestamp="2021-01-15T10:59:07 ICT" skipped="0">
  <testcase classname="FirstTestNGFile" name="register" time="3.574"/>
  <system-out/>
  <testcase classname="FirstTestNGFile" name="goBackHome" time="1.095"/>
  <system-out/>
</testsuite> <!-- FirstTestNGFile -->
